{"contracts/raffle.sol":{"l":{"47":3,"48":3,"49":3,"50":3,"51":3,"52":3,"53":3,"54":3,"58":5,"59":1,"61":4,"62":1,"64":3,"65":3,"71":1,"72":1,"73":1,"74":1,"75":1,"76":1,"80":1,"81":1,"82":0,"88":1,"89":1,"96":1,"103":0,"104":0,"105":0,"106":0,"107":0,"108":0,"109":0,"110":0,"111":0,"113":0,"117":5,"121":1,"125":0,"129":1,"133":0,"137":0,"141":0,"145":0,"149":5},"path":"/Users/admin/Desktop/fccSolidityShit/rafflestuff/contracts/raffle.sol","s":{"1":5,"2":4,"3":3,"4":3,"5":1,"6":1,"7":1,"8":1,"9":1,"10":1,"11":1,"12":1,"13":1,"14":0,"15":0,"16":0,"17":0,"18":0,"19":5,"20":1,"21":0,"22":1,"23":0,"24":0,"25":0,"26":0,"27":5},"b":{"1":[1,4],"2":[1,3],"3":[0,1],"4":[0,0]},"f":{"1":3,"2":5,"3":1,"4":1,"5":0,"6":5,"7":1,"8":0,"9":1,"10":0,"11":0,"12":0,"13":0,"14":5},"fnMap":{"1":{"name":"constructor","line":46,"loc":{"start":{"line":39,"column":4},"end":{"line":55,"column":4}}},"2":{"name":"enterRaffle","line":57,"loc":{"start":{"line":57,"column":4},"end":{"line":66,"column":4}}},"3":{"name":"checkUpkeep","line":68,"loc":{"start":{"line":68,"column":4},"end":{"line":77,"column":4}}},"4":{"name":"performUpkeep","line":79,"loc":{"start":{"line":79,"column":4},"end":{"line":97,"column":4}}},"5":{"name":"fulfillRandomWords","line":99,"loc":{"start":{"line":99,"column":4},"end":{"line":114,"column":4}}},"6":{"name":"getEntranceFee","line":116,"loc":{"start":{"line":116,"column":4},"end":{"line":118,"column":4}}},"7":{"name":"getPlayer","line":120,"loc":{"start":{"line":120,"column":4},"end":{"line":122,"column":4}}},"8":{"name":"getRecentWinner","line":124,"loc":{"start":{"line":124,"column":4},"end":{"line":126,"column":4}}},"9":{"name":"getRaffleState","line":128,"loc":{"start":{"line":128,"column":4},"end":{"line":130,"column":4}}},"10":{"name":"getNumWords","line":132,"loc":{"start":{"line":132,"column":4},"end":{"line":134,"column":4}}},"11":{"name":"getNumberOfPlayers","line":136,"loc":{"start":{"line":136,"column":4},"end":{"line":138,"column":4}}},"12":{"name":"getLatestTimeStamp","line":140,"loc":{"start":{"line":140,"column":4},"end":{"line":142,"column":4}}},"13":{"name":"getRequestComfirmations","line":144,"loc":{"start":{"line":144,"column":4},"end":{"line":146,"column":4}}},"14":{"name":"getInterval","line":148,"loc":{"start":{"line":148,"column":4},"end":{"line":150,"column":4}}}},"statementMap":{"1":{"start":{"line":58,"column":8},"end":{"line":58,"column":2035}},"2":{"start":{"line":61,"column":8},"end":{"line":61,"column":2136}},"3":{"start":{"line":64,"column":8},"end":{"line":64,"column":42}},"4":{"start":{"line":65,"column":8},"end":{"line":65,"column":36}},"5":{"start":{"line":71,"column":8},"end":{"line":71,"column":57}},"6":{"start":{"line":72,"column":8},"end":{"line":72,"column":76}},"7":{"start":{"line":73,"column":8},"end":{"line":73,"column":48}},"8":{"start":{"line":74,"column":8},"end":{"line":74,"column":51}},"9":{"start":{"line":76,"column":8},"end":{"line":76,"column":36}},"10":{"start":{"line":80,"column":8},"end":{"line":80,"column":47}},"11":{"start":{"line":81,"column":8},"end":{"line":81,"column":2959}},"12":{"start":{"line":89,"column":8},"end":{"line":89,"column":3219}},"13":{"start":{"line":96,"column":8},"end":{"line":96,"column":45}},"14":{"start":{"line":103,"column":8},"end":{"line":103,"column":65}},"15":{"start":{"line":104,"column":8},"end":{"line":104,"column":63}},"16":{"start":{"line":109,"column":8},"end":{"line":109,"column":78}},"17":{"start":{"line":110,"column":8},"end":{"line":110,"column":4000}},"18":{"start":{"line":113,"column":8},"end":{"line":113,"column":39}},"19":{"start":{"line":117,"column":8},"end":{"line":117,"column":28}},"20":{"start":{"line":121,"column":8},"end":{"line":121,"column":31}},"21":{"start":{"line":125,"column":8},"end":{"line":125,"column":29}},"22":{"start":{"line":129,"column":8},"end":{"line":129,"column":28}},"23":{"start":{"line":133,"column":8},"end":{"line":133,"column":24}},"24":{"start":{"line":137,"column":8},"end":{"line":137,"column":31}},"25":{"start":{"line":141,"column":8},"end":{"line":141,"column":30}},"26":{"start":{"line":145,"column":8},"end":{"line":145,"column":36}},"27":{"start":{"line":149,"column":8},"end":{"line":149,"column":25}}},"branchMap":{"1":{"line":58,"type":"if","locations":[{"start":{"line":58,"column":8},"end":{"line":58,"column":8}},{"start":{"line":58,"column":8},"end":{"line":58,"column":8}}]},"2":{"line":61,"type":"if","locations":[{"start":{"line":61,"column":8},"end":{"line":61,"column":8}},{"start":{"line":61,"column":8},"end":{"line":61,"column":8}}]},"3":{"line":81,"type":"if","locations":[{"start":{"line":81,"column":8},"end":{"line":81,"column":8}},{"start":{"line":81,"column":8},"end":{"line":81,"column":8}}]},"4":{"line":110,"type":"if","locations":[{"start":{"line":110,"column":8},"end":{"line":110,"column":8}},{"start":{"line":110,"column":8},"end":{"line":110,"column":8}}]}}},"contracts/test/VRFCoordinatorV2Mock.sol":{"l":{},"path":"/Users/admin/Desktop/fccSolidityShit/rafflestuff/contracts/test/VRFCoordinatorV2Mock.sol","s":{},"b":{},"f":{},"fnMap":{},"statementMap":{},"branchMap":{}}}