TN:
SF:/Users/admin/Desktop/fccSolidityShit/rafflestuff/contracts/raffle.sol
FN:46,constructor
FN:57,enterRaffle
FN:68,checkUpkeep
FN:79,performUpkeep
FN:99,fulfillRandomWords
FN:116,getEntranceFee
FN:120,getPlayer
FN:124,getRecentWinner
FN:128,getRaffleState
FN:132,getNumWords
FN:136,getNumberOfPlayers
FN:140,getLatestTimeStamp
FN:144,getRequestComfirmations
FN:148,getInterval
FNF:14
FNH:8
FNDA:3,constructor
FNDA:5,enterRaffle
FNDA:1,checkUpkeep
FNDA:1,performUpkeep
FNDA:0,fulfillRandomWords
FNDA:5,getEntranceFee
FNDA:1,getPlayer
FNDA:0,getRecentWinner
FNDA:1,getRaffleState
FNDA:0,getNumWords
FNDA:0,getNumberOfPlayers
FNDA:0,getLatestTimeStamp
FNDA:0,getRequestComfirmations
FNDA:5,getInterval
DA:47,3
DA:48,3
DA:49,3
DA:50,3
DA:51,3
DA:52,3
DA:53,3
DA:54,3
DA:58,5
DA:59,1
DA:61,4
DA:62,1
DA:64,3
DA:65,3
DA:71,1
DA:72,1
DA:73,1
DA:74,1
DA:75,1
DA:76,1
DA:80,1
DA:81,1
DA:82,0
DA:88,1
DA:89,1
DA:96,1
DA:103,0
DA:104,0
DA:105,0
DA:106,0
DA:107,0
DA:108,0
DA:109,0
DA:110,0
DA:111,0
DA:113,0
DA:117,5
DA:121,1
DA:125,0
DA:129,1
DA:133,0
DA:137,0
DA:141,0
DA:145,0
DA:149,5
LF:45
LH:29
BRDA:58,1,0,1
BRDA:58,1,1,4
BRDA:61,2,0,1
BRDA:61,2,1,3
BRDA:81,3,0,0
BRDA:81,3,1,1
BRDA:110,4,0,0
BRDA:110,4,1,0
BRF:8
BRH:5
end_of_record
TN:
SF:/Users/admin/Desktop/fccSolidityShit/rafflestuff/contracts/test/VRFCoordinatorV2Mock.sol
FNF:0
FNH:0
LF:0
LH:0
BRF:0
BRH:0
end_of_record
